<?xml version="1.0" encoding="UTF-8" ?>
<testsuite tests="98" failures="0" name="zipcodeproject.zipcode.range.ZipCodeRangeTest" time="0.158" errors="0" skipped="0">
  <properties>
[...]
</properties>
  <testcase classname="zipcodeproject.zipcode.range.ZipCodeRangeTest" name="getRangeArray" time="0.094"/>
  <testcase classname="zipcodeproject.zipcode.range.ZipCodeRangeTest" name="checkMerge_mergeStartEqualRangeStartPlus1_mergeEndLessThanRangeEnd" time="0.002"/>
  <testcase classname="zipcodeproject.zipcode.range.ZipCodeRangeTest" name="createZipCodeRangeFromArray" time="0.003"/>
  <testcase classname="zipcodeproject.zipcode.range.ZipCodeRangeTest" name="createZipCodeRangeFromStringReversed" time="0"/>
  <testcase classname="zipcodeproject.zipcode.range.ZipCodeRangeTest" name="checkMerge_mergeStartEqualRangeStartMinus1_mergeEndEqualRangeEndPlus1" time="0.001"/>
  <testcase classname="zipcodeproject.zipcode.range.ZipCodeRangeTest" name="createZipCodeRangeFromListWithEndTooLarge" time="0.014"/>
  <testcase classname="zipcodeproject.zipcode.range.ZipCodeRangeTest" name="createZipCodeRangeFromListThreeNumbers" time="0.001"/>
  <testcase classname="zipcodeproject.zipcode.range.ZipCodeRangeTest" name="checkMerge_mergeEndInRange" time="0"/>
  <testcase classname="zipcodeproject.zipcode.range.ZipCodeRangeTest" name="createZipCodeRangeFromArrayWithNegativeStart" time="0.001"/>
  <testcase classname="zipcodeproject.zipcode.range.ZipCodeRangeTest" name="getRangeStr" time="0"/>
  <testcase classname="zipcodeproject.zipcode.range.ZipCodeRangeTest" name="createZipCodeRangeFromStringSingleValue" time="0.001"/>
  <testcase classname="zipcodeproject.zipcode.range.ZipCodeRangeTest" name="createZipCodeRangeFromListOneNumber" time="0.001"/>
  <testcase classname="zipcodeproject.zipcode.range.ZipCodeRangeTest" name="createZipCodeRangeFromListNull" time="0.001"/>
  <testcase classname="zipcodeproject.zipcode.range.ZipCodeRangeTest" name="checkMerge_mergeStartEqualRangeStart_mergeEndLessThanRangeEnd" time="0"/>
  <testcase classname="zipcodeproject.zipcode.range.ZipCodeRangeTest" name="getStartValue" time="0"/>
  <testcase classname="zipcodeproject.zipcode.range.ZipCodeRangeTest" name="checkMerge_mergeStartAdjacentRange" time="0"/>
  <testcase classname="zipcodeproject.zipcode.range.ZipCodeRangeTest" name="checkMerge_mergeStartEqualRangeStart_mergeEndEqualRangeEndPlus1" time="0"/>
  <testcase classname="zipcodeproject.zipcode.range.ZipCodeRangeTest" name="checkMerge_mergeStartEqualRangeStartMinus1" time="0"/>
  <testcase classname="zipcodeproject.zipcode.range.ZipCodeRangeTest" name="checkMerge_mergeStartEqualRangeStartMinus2" time="0.001"/>
  <testcase classname="zipcodeproject.zipcode.range.ZipCodeRangeTest" name="checkMergeWithNull" time="0"/>
  <testcase classname="zipcodeproject.zipcode.range.ZipCodeRangeTest" name="mergeStartBeforeRangeStart_mergeEndEqualRangeStart" time="0"/>
  <testcase classname="zipcodeproject.zipcode.range.ZipCodeRangeTest" name="createZipCodeRangeFromStringWithOneNumber" time="0"/>
  <testcase classname="zipcodeproject.zipcode.range.ZipCodeRangeTest" name="getRangeStrWithPaddedZeroes" time="0"/>
  <testcase classname="zipcodeproject.zipcode.range.ZipCodeRangeTest" name="checkMerge_mergeStartInRange" time="0"/>
  <testcase classname="zipcodeproject.zipcode.range.ZipCodeRangeTest" name="mergeStartBeforeRangeStart_mergeEndEqualRangeEnd" time="0"/>
  <testcase classname="zipcodeproject.zipcode.range.ZipCodeRangeTest" name="createZipCodeRangeFromArrayWithNegativeEnd" time="0.001"/>
  <testcase classname="zipcodeproject.zipcode.range.ZipCodeRangeTest" name="createZipCodeRangeFromStringWithStartTooLarge" time="0.003"/>
  <testcase classname="zipcodeproject.zipcode.range.ZipCodeRangeTest" name="mergeStartEqualRangeEndMinus1_mergeEndEqualRangeEndPlus25" time="0"/>
  <testcase classname="zipcodeproject.zipcode.range.ZipCodeRangeTest" name="checkMerge_innerRangeWithOuter" time="0"/>
  <testcase classname="zipcodeproject.zipcode.range.ZipCodeRangeTest" name="mergeStartBeforeRangeStart_mergeEndEqualRangeStartMinus1" time="0"/>
  <testcase classname="zipcodeproject.zipcode.range.ZipCodeRangeTest" name="mergeStartBeforeRangeStart_mergeEndEqualRangeStartMinus2" time="0"/>
  <testcase classname="zipcodeproject.zipcode.range.ZipCodeRangeTest" name="createZipCodeRangeFromList" time="0"/>
  <testcase classname="zipcodeproject.zipcode.range.ZipCodeRangeTest" name="checkMerge_mergeStartEqualRangeStartMinus2_mergeEndEqualRangeEnd" time="0"/>
  <testcase classname="zipcodeproject.zipcode.range.ZipCodeRangeTest" name="createZipCodeRangeFromStringWithNegativeStart" time="0"/>
  <testcase classname="zipcodeproject.zipcode.range.ZipCodeRangeTest" name="createZipCodeRangeFromArrayOneNumber" time="0"/>
  <testcase classname="zipcodeproject.zipcode.range.ZipCodeRangeTest" name="createZipCodeRangeFromListFullRange" time="0.002"/>
  <testcase classname="zipcodeproject.zipcode.range.ZipCodeRangeTest" name="compareToGreaterThanEnd" time="0.006"/>
  <testcase classname="zipcodeproject.zipcode.range.ZipCodeRangeTest" name="checkMerge_outerRangeWithInner" time="0"/>
  <testcase classname="zipcodeproject.zipcode.range.ZipCodeRangeTest" name="createZipCodeRangeFromArraySingleValue" time="0"/>
  <testcase classname="zipcodeproject.zipcode.range.ZipCodeRangeTest" name="createZipCodeRangeFromStringEmpty" time="0"/>
  <testcase classname="zipcodeproject.zipcode.range.ZipCodeRangeTest" name="compareToLessThanEnd" time="0"/>
  <testcase classname="zipcodeproject.zipcode.range.ZipCodeRangeTest" name="checkMerge_mergeStartEqualRangeEndPlus1" time="0.004"/>
  <testcase classname="zipcodeproject.zipcode.range.ZipCodeRangeTest" name="checkMerge_mergeStartEqualRangeEndPlus2" time="0"/>
  <testcase classname="zipcodeproject.zipcode.range.ZipCodeRangeTest" name="compareToEqual" time="0"/>
  <testcase classname="zipcodeproject.zipcode.range.ZipCodeRangeTest" name="checkMerge_mergeStartEqualRangeEnd" time="0.001"/>
  <testcase classname="zipcodeproject.zipcode.range.ZipCodeRangeTest" name="getEndValue" time="0"/>
  <testcase classname="zipcodeproject.zipcode.range.ZipCodeRangeTest" name="createZipCodeRangeFromStringNoBracketsAndWhitespace" time="0"/>
  <testcase classname="zipcodeproject.zipcode.range.ZipCodeRangeTest" name="checkMerge_mergeEndEqualRangeEndPlus1" time="0"/>
  <testcase classname="zipcodeproject.zipcode.range.ZipCodeRangeTest" name="checkMerge_mergeEndEqualRangeEndPlus2" time="0"/>
  <testcase classname="zipcodeproject.zipcode.range.ZipCodeRangeTest" name="mergeStartEqualRangeEndPlus1_mergeEndEqualRangeEndPlus25" time="0.001"/>
  <testcase classname="zipcodeproject.zipcode.range.ZipCodeRangeTest" name="createZipCodeRangeFromArrayEmpty" time="0.001"/>
  <testcase classname="zipcodeproject.zipcode.range.ZipCodeRangeTest" name="createZipCodeRangeFromStringWithClosingBracket" time="0"/>
  <testcase classname="zipcodeproject.zipcode.range.ZipCodeRangeTest" name="createZipCodeRangeFromStringWithNegativeEnd" time="0"/>
  <testcase classname="zipcodeproject.zipcode.range.ZipCodeRangeTest" name="checkMerge_mergeStartEqualRangeStartPlus2_mergeEndEqualRangeEnd" time="0"/>
  <testcase classname="zipcodeproject.zipcode.range.ZipCodeRangeTest" name="createZipCodeRangeFromArrayWithEndTooLarge" time="0"/>
  <testcase classname="zipcodeproject.zipcode.range.ZipCodeRangeTest" name="compareToLessThanStart" time="0"/>
  <testcase classname="zipcodeproject.zipcode.range.ZipCodeRangeTest" name="checkMerge_mergeStartEqualRangeStart" time="0"/>
  <testcase classname="zipcodeproject.zipcode.range.ZipCodeRangeTest" name="checkMerge_rangeEndInMerge" time="0"/>
  <testcase classname="zipcodeproject.zipcode.range.ZipCodeRangeTest" name="createZipCodeRangeFromStringWithThreeNumbers" time="0.001"/>
  <testcase classname="zipcodeproject.zipcode.range.ZipCodeRangeTest" name="mergeStartEqualRangeEnd_mergeEndEqualRangeEndPlus25" time="0.002"/>
  <testcase classname="zipcodeproject.zipcode.range.ZipCodeRangeTest" name="createZipCodeRangeFromStringWithOpeningBracket" time="0.001"/>
  <testcase classname="zipcodeproject.zipcode.range.ZipCodeRangeTest" name="createZipCodeRangeFromListWithStartTooLarge" time="0.001"/>
  <testcase classname="zipcodeproject.zipcode.range.ZipCodeRangeTest" name="mergeStartEqualRangeStart_mergeEndEqualRangeStart" time="0.001"/>
  <testcase classname="zipcodeproject.zipcode.range.ZipCodeRangeTest" name="mergeStartEqualRangeEndPlus2_mergeEndEqualRangeEndPlus25" time="0.001"/>
  <testcase classname="zipcodeproject.zipcode.range.ZipCodeRangeTest" name="getToString" time="0.001"/>
  <testcase classname="zipcodeproject.zipcode.range.ZipCodeRangeTest" name="createZipCodeRangeFromArrayFullRange" time="0.001"/>
  <testcase classname="zipcodeproject.zipcode.range.ZipCodeRangeTest" name="createZipCodeRangeFromArrayReversed" time="0"/>
  <testcase classname="zipcodeproject.zipcode.range.ZipCodeRangeTest" name="compareToGreaterThanStart" time="0"/>
  <testcase classname="zipcodeproject.zipcode.range.ZipCodeRangeTest" name="checkMerge_mergeEndEqualRangeStartMinus1" time="0.001"/>
  <testcase classname="zipcodeproject.zipcode.range.ZipCodeRangeTest" name="checkMerge_mergeEndEqualRangeStartMinus2" time="0"/>
  <testcase classname="zipcodeproject.zipcode.range.ZipCodeRangeTest" name="createZipCodeRangeFromListWithNegativeStart" time="0.001"/>
  <testcase classname="zipcodeproject.zipcode.range.ZipCodeRangeTest" name="createZipCodeRangeFromListSingleValue" time="0"/>
  <testcase classname="zipcodeproject.zipcode.range.ZipCodeRangeTest" name="createZipCodeRangeFromStringNoBrackets" time="0.001"/>
  <testcase classname="zipcodeproject.zipcode.range.ZipCodeRangeTest" name="createZipCodeRangeFromListWithNegativeEnd" time="0"/>
  <testcase classname="zipcodeproject.zipcode.range.ZipCodeRangeTest" name="mergeStartBeforeRangeStart_mergeEndAfterRangeStart" time="0.001"/>
  <testcase classname="zipcodeproject.zipcode.range.ZipCodeRangeTest" name="createZipCodeRangeFromStringWithBadFormat1" time="0"/>
  <testcase classname="zipcodeproject.zipcode.range.ZipCodeRangeTest" name="createZipCodeRangeFromStringWithBadFormat2" time="0"/>
  <testcase classname="zipcodeproject.zipcode.range.ZipCodeRangeTest" name="checkMerge_mergeEndEqualRangeEnd" time="0"/>
  <testcase classname="zipcodeproject.zipcode.range.ZipCodeRangeTest" name="createZipCodeRangeFromArrayNull" time="0"/>
  <testcase classname="zipcodeproject.zipcode.range.ZipCodeRangeTest" name="checkMerge_mergeEndEqualRangeStart" time="0"/>
  <testcase classname="zipcodeproject.zipcode.range.ZipCodeRangeTest" name="createZipCodeRangeFromStringWithEndTooLarge" time="0"/>
  <testcase classname="zipcodeproject.zipcode.range.ZipCodeRangeTest" name="createZipCodeRangeFromStringWithBothBrackets" time="0"/>
  <testcase classname="zipcodeproject.zipcode.range.ZipCodeRangeTest" name="checkMerge_rangeStartInMerge" time="0"/>
  <testcase classname="zipcodeproject.zipcode.range.ZipCodeRangeTest" name="mergeStartBeforeRangeStart_mergeEndAfterRangeEnd" time="0"/>
  <testcase classname="zipcodeproject.zipcode.range.ZipCodeRangeTest" name="createCopy" time="0.001"/>
  <testcase classname="zipcodeproject.zipcode.range.ZipCodeRangeTest" name="createZipCodeRangeFromListEmpty" time="0"/>
  <testcase classname="zipcodeproject.zipcode.range.ZipCodeRangeTest" name="createZipCodeRangeFromListReversed" time="0.001"/>
  <testcase classname="zipcodeproject.zipcode.range.ZipCodeRangeTest" name="createZipCodeRangeFromStringWithNull" time="0"/>
  <testcase classname="zipcodeproject.zipcode.range.ZipCodeRangeTest" name="createZipCodeRangeFromStringFullRange" time="0.001"/>
  <testcase classname="zipcodeproject.zipcode.range.ZipCodeRangeTest" name="mergeNull" time="0"/>
  <testcase classname="zipcodeproject.zipcode.range.ZipCodeRangeTest" name="createZipCodeRangeFromStringWithBothBracketsAndWhitespace" time="0.001"/>
  <testcase classname="zipcodeproject.zipcode.range.ZipCodeRangeTest" name="createZipCodeRangeFromArrayThreeNumbers" time="0"/>
  <testcase classname="zipcodeproject.zipcode.range.ZipCodeRangeTest" name="mergeStartEqualRangeStart_mergeEndEqualRangeStartMinus1" time="0.001"/>
  <testcase classname="zipcodeproject.zipcode.range.ZipCodeRangeTest" name="mergeStartEqualRangeStart_mergeEndEqualRangeStartPlus1" time="0"/>
  <testcase classname="zipcodeproject.zipcode.range.ZipCodeRangeTest" name="checkMerge_mergeStartEqualRangeStartMinus2_mergeEndEqualRangeEndPlus1" time="0.001"/>
  <testcase classname="zipcodeproject.zipcode.range.ZipCodeRangeTest" name="createZipCodeRangeFromArrayWithStartTooLarge" time="0"/>
  <testcase classname="zipcodeproject.zipcode.range.ZipCodeRangeTest" name="checkMerge_mergeStartEqualRangeStartMinus1_mergeEndEqualRangeEnd" time="0"/>
  <testcase classname="zipcodeproject.zipcode.range.ZipCodeRangeTest" name="getToStringWithPaddedZeroes" time="0"/>
</testsuite>